{"numTotalTestSuites":32,"numPassedTestSuites":25,"numFailedTestSuites":7,"numPendingTestSuites":0,"numTotalTests":47,"numPassedTests":41,"numFailedTests":6,"numPendingTests":0,"numTodoTests":0,"snapshot":{"added":0,"failure":false,"filesAdded":0,"filesRemoved":0,"filesRemovedList":[],"filesUnmatched":0,"filesUpdated":0,"matched":0,"total":0,"unchecked":0,"uncheckedKeysByFile":[],"unmatched":0,"updated":0,"didUpdate":false},"startTime":1777000923693,"success":false,"testResults":[{"assertionResults":[],"startTime":1777000923693,"endTime":1777000923693,"status":"failed","message":"Failed to resolve import \"../src/context/GameContext\" from \"verify-fix.test.jsx\". Does the file exist?","name":"/home/sapio/code/supreme/Supreme/verify-fix.test.jsx"},{"assertionResults":[{"ancestorTitles":["Simple Test"],"fullName":"Simple Test should work","status":"passed","title":"should work","duration":2.8806540000000496,"failureMessages":[],"meta":{},"tags":[]}],"startTime":1777000935398,"endTime":1777000935400.8806,"status":"passed","message":"","name":"/home/sapio/code/supreme/Supreme/src/test/simple.test.js"},{"assertionResults":[{"ancestorTitles":["Enhanced Voice State Feedback"],"fullName":"Enhanced Voice State Feedback should display enhanced status message when AI is speaking","status":"passed","title":"should display enhanced status message when AI is speaking","duration":111.20836899999995,"failureMessages":[],"meta":{},"tags":[]},{"ancestorTitles":["Enhanced Voice State Feedback"],"fullName":"Enhanced Voice State Feedback should show muted banner when AI is speaking","status":"passed","title":"should show muted banner when AI is speaking","duration":16.70077900000024,"failureMessages":[],"meta":{},"tags":[]},{"ancestorTitles":["Enhanced Voice State Feedback"],"fullName":"Enhanced Voice State Feedback should show connection status when call is active","status":"failed","title":"should show connection status when call is active","duration":31.0519519999998,"failureMessages":["TestingLibraryElementError: Found multiple elements with the text: Voice session active\n\nHere are the matching elements:\n\nIgnored nodes: comments, script, style\n\u001b[36m<span\u001b[39m\n  \u001b[33mclass\u001b[39m=\u001b[32m\"arg-input__hint\"\u001b[39m\n\u001b[36m>\u001b[39m\n  \u001b[0mVoice session active\u001b[0m\n\u001b[36m</span>\u001b[39m\n\nIgnored nodes: comments, script, style\n\u001b[36m<span\u001b[39m\n  \u001b[33mclass\u001b[39m=\u001b[32m\"arg-input__connection-text\"\u001b[39m\n\u001b[36m>\u001b[39m\n  \u001b[0mVoice session active\u001b[0m\n\u001b[36m</span>\u001b[39m\n\n(If this is intentional, then use the `*AllBy*` variant of the query (like `queryAllByText`, `getAllByText`, or `findAllByText`)).\n\nIgnored nodes: comments, script, style\n\u001b[36m<body>\u001b[39m\n  \u001b[36m<div>\u001b[39m\n    \u001b[36m<div\u001b[39m\n      \u001b[33mclass\u001b[39m=\u001b[32m\"arg-input \"\u001b[39m\n      \u001b[33mid\u001b[39m=\u001b[32m\"argument-input\"\u001b[39m\n    \u001b[36m>\u001b[39m\n      \u001b[36m<div\u001b[39m\n        \u001b[33mclass\u001b[39m=\u001b[32m\"arg-input__header\"\u001b[39m\n      \u001b[36m>\u001b[39m\n        \u001b[36m<span\u001b[39m\n          \u001b[33mclass\u001b[39m=\u001b[32m\"arg-input__side-indicator\"\u001b[39m\n        \u001b[36m>\u001b[39m\n          \u001b[36m<span\u001b[39m\n            \u001b[33mclass\u001b[39m=\u001b[32m\"arg-input__side-dot\"\u001b[39m\n          \u001b[36m/>\u001b[39m\n          \u001b[0mArguing as \u001b[0m\n          \u001b[0mPetitioner\u001b[0m\n        \u001b[36m</span>\u001b[39m\n        \u001b[36m<div\u001b[39m\n          \u001b[33mclass\u001b[39m=\u001b[32m\"arg-input__header-right\"\u001b[39m\n        \u001b[36m>\u001b[39m\n          \u001b[36m<button\u001b[39m\n            \u001b[33mclass\u001b[39m=\u001b[32m\"arg-input__mode-toggle \"\u001b[39m\n            \u001b[33mid\u001b[39m=\u001b[32m\"voice-text-toggle\"\u001b[39m\n            \u001b[33mtitle\u001b[39m=\u001b[32m\"Switch to text input\"\u001b[39m\n          \u001b[36m>\u001b[39m\n            \u001b[36m<span\u001b[39m\n              \u001b[33mclass\u001b[39m=\u001b[32m\"arg-input__mode-icon\"\u001b[39m\n            \u001b[36m>\u001b[39m\n              \u001b[0m⌨\u001b[0m\n            \u001b[36m</span>\u001b[39m\n            \u001b[36m<span\u001b[39m\n              \u001b[33mclass\u001b[39m=\u001b[32m\"arg-input__mode-label\"\u001b[39m\n            \u001b[36m>\u001b[39m\n              \u001b[0mType Instead\u001b[0m\n            \u001b[36m</span>\u001b[39m\n          \u001b[36m</button>\u001b[39m\n          \u001b[36m<span\u001b[39m\n            \u001b[33mclass\u001b[39m=\u001b[32m\"arg-input__hint\"\u001b[39m\n          \u001b[36m>\u001b[39m\n            \u001b[0mVoice session active\u001b[0m\n          \u001b[36m</span>\u001b[39m\n        \u001b[36m</div>\u001b[39m\n      \u001b[36m</div>\u001b[39m\n      \u001b[36m<div\u001b[39m\n        \u001b[33mclass\u001b[39m=\u001b[32m\"arg-input__voice-area\"\u001b[39m\n      \u001b[36m>\u001b[39m\n        \u001b[36m<button\u001b[39m\n          \u001b[33mclass\u001b[39m=\u001b[32m\"arg-input__mic-btn arg-input__mic-btn--active    \"\u001b[39m\n          \u001b[33mid\u001b[39m=\u001b[32m\"mic-button\"\u001b[39m\n        \u001b[36m>\u001b[39m\n          \u001b[36m<div\u001b[39m\n            \u001b[33mclass\u001b[39m=\u001b[32m\"arg-input__mic-icon-wrap\"\u001b[39m\n          \u001b[36m>\u001b[39m\n            \u001b[36m<span\u001b[39m\n              \u001b[33mclass\u001b[39m=\u001b[32m\"arg-input__mic-icon\"\u001b[39m\n            \u001b[36m>\u001b[39m\n              \u001b[0m⬤\u001b[0m\n            \u001b[36m</span>\u001b[39m\n          \u001b[36m</div>\u001b[39m\n        \u001b[36m</button>\u001b[39m\n        \u001b[36m<div\u001b[39m\n          \u001b[33mclass\u001b[39m=\u001b[32m\"arg-input__voice-status\"\u001b[39m\n        \u001b[36m>\u001b[39m\n          \u001b[36m<span\u001b[39m\n            \u001b[33mclass\u001b[39m=\u001b[32m\"arg-input__voice-status-dot arg-input__voice-status-dot--live   \"\u001b[39m\n          \u001b[36m/>\u001b[39m\n          \u001b[36m<span\u001b[39m\n            \u001b[33mclass\u001b[39m=\u001b[32m\"arg-input__voice-status-text  \"\u001b[39m\n          \u001b[36m>\u001b[39m\n            \u001b[0mListening — speak when ready\u001b[0m\n          \u001b[36m</span>\u001b[39m\n        \u001b[36m</div>\u001b[39m\n        \u001b[36m<div\u001b[39m\n          \u001b[33mclass\u001b[39m=\u001b[32m\"arg-input__connection-status\"\u001b[39m\n        \u001b[36m>\u001b[39m\n          \u001b[36m<div\u001b[39m\n            \u001b[33mclass\u001b[39m=\u001b[32m\"arg-input__connection-indicator\"\u001b[39m\n          \u001b[36m>\u001b[39m\n            \u001b[36m<span\u001b[39m\n              \u001b[33mclass\u001b[39m=\u001b[32m\"arg-input__connection-dot\"\u001b[39m\n            \u001b[36m/>\u001b[39m\n            \u001b[36m<span\u001b[39m\n              \u001b[33mclass\u001b[39m=\u001b[32m\"arg-input__connection-text\"\u001b[39m\n            \u001b[36m>\u001b[39m\n              \u001b[0mVoice session active\u001b[0m\n            \u001b[36m</span>\u001b[39m\n          \u001b[36m</div>\u001b[39m\n        \u001b[36m</div>\u001b[39m\n        \u001b[36m<button\u001b[39m\n          \u001b[33mclass\u001b[39m=\u001b[32m\"arg-input__mute-btn \"\u001b[39m\n          \u001b[33mid\u001b[39m=\u001b[32m\"mute-toggle\"\u001b[39m\n          \u001b[33mtitle\u001b[39m=\u001b[32m\"Mute microphone\"\u001b[39m\n        \u001b[36m>\u001b[39m\n          \u001b[36m<span\u001b[39m\n            \u001b[33mclass\u001b[39m=\u001b[32m\"arg-input__mute-btn-icon\"\u001b[39m\n          \u001b[36m>\u001b[39m\n            \u001b[0m🔊\u001b[0m\n          \u001b[36m</span>\u001b[39m\n          \u001b[36m<span\u001b[39m\n            \u001b[33mclass\u001b[39m=\u001b[32m\"arg-input__mute-btn-text\"\u001b[39m\n          \u001b[36m>\u001b[39m\n            \u001b[0mMute\u001b[0m\n          \u001b[36m</span>\u001b[39m\n        \u001b[36m</button>\u001b[39m\n      \u001b[36m</div>\u001b[39m\n    \u001b[36m</div>\u001b[39m\n  \u001b[36m</div>\u001b[39m\n\u001b[36m</body>\u001b[39m\n    at Object.getElementError (/home/sapio/code/supreme/Supreme/node_modules/@testing-library/dom/dist/config.js:37:19)\n    at getElementError (/home/sapio/code/supreme/Supreme/node_modules/@testing-library/dom/dist/query-helpers.js:20:35)\n    at getMultipleElementsFoundError (/home/sapio/code/supreme/Supreme/node_modules/@testing-library/dom/dist/query-helpers.js:23:10)\n    at /home/sapio/code/supreme/Supreme/node_modules/@testing-library/dom/dist/query-helpers.js:55:13\n    at /home/sapio/code/supreme/Supreme/node_modules/@testing-library/dom/dist/query-helpers.js:95:19\n    at /home/sapio/code/supreme/Supreme/src/test/voice-state-feedback.test.jsx:66:19\n    at file:///home/sapio/code/supreme/Supreme/node_modules/@vitest/runner/dist/chunk-artifact.js:302:11\n    at file:///home/sapio/code/supreme/Supreme/node_modules/@vitest/runner/dist/chunk-artifact.js:1903:26\n    at file:///home/sapio/code/supreme/Supreme/node_modules/@vitest/runner/dist/chunk-artifact.js:2326:20\n    at new Promise (<anonymous>)"],"meta":{},"tags":[]},{"ancestorTitles":["Enhanced Voice State Feedback"],"fullName":"Enhanced Voice State Feedback should display enhanced error panel with troubleshooting when voice error occurs","status":"passed","title":"should display enhanced error panel with troubleshooting when voice error occurs","duration":18.911663000000317,"failureMessages":[],"meta":{},"tags":[]},{"ancestorTitles":["Enhanced Voice State Feedback"],"fullName":"Enhanced Voice State Feedback should show enhanced mute button with text when call is active","status":"passed","title":"should show enhanced mute button with text when call is active","duration":10.780721000000085,"failureMessages":[],"meta":{},"tags":[]},{"ancestorTitles":["Enhanced Voice State Feedback"],"fullName":"Enhanced Voice State Feedback should show enhanced status for connecting state","status":"passed","title":"should show enhanced status for connecting state","duration":9.508354000000054,"failureMessages":[],"meta":{},"tags":[]},{"ancestorTitles":["Enhanced Voice State Feedback"],"fullName":"Enhanced Voice State Feedback should show enhanced error status message","status":"passed","title":"should show enhanced error status message","duration":11.733675999999832,"failureMessages":[],"meta":{},"tags":[]}],"startTime":1777000926553,"endTime":1777000926762.7336,"status":"failed","message":"","name":"/home/sapio/code/supreme/Supreme/src/test/voice-state-feedback.test.jsx"},{"assertionResults":[],"startTime":1777000923693,"endTime":1777000923693,"status":"failed","message":"Unexpected eval or arguments in strict mode","name":"/home/sapio/code/supreme/Supreme/src/components/courtroom/BasicPreservation.test.jsx"},{"assertionResults":[{"ancestorTitles":["Bug Condition Exploration Test - Timer and Round State Change Notifications","Property 1: Bug Condition - Clear State Change Notifications"],"fullName":"Bug Condition Exploration Test - Timer and Round State Change Notifications Property 1: Bug Condition - Clear State Change Notifications should verify CourtroomArena component renders successfully","status":"passed","title":"should verify CourtroomArena component renders successfully","duration":118.7032650000001,"failureMessages":[],"meta":{},"tags":[]},{"ancestorTitles":["Bug Condition Exploration Test - Timer and Round State Change Notifications","Property 1: Bug Condition - Clear State Change Notifications"],"fullName":"Bug Condition Exploration Test - Timer and Round State Change Notifications Property 1: Bug Condition - Clear State Change Notifications should verify notification system is integrated into CourtroomArena","status":"passed","title":"should verify notification system is integrated into CourtroomArena","duration":29.1128020000001,"failureMessages":[],"meta":{},"tags":[]},{"ancestorTitles":["Bug Condition Exploration Test - Timer and Round State Change Notifications","Property 1: Bug Condition - Clear State Change Notifications"],"fullName":"Bug Condition Exploration Test - Timer and Round State Change Notifications Property 1: Bug Condition - Clear State Change Notifications should document all bug condition scenarios that require notifications","status":"passed","title":"should document all bug condition scenarios that require notifications","duration":3.1803650000001653,"failureMessages":[],"meta":{},"tags":[]},{"ancestorTitles":["Bug Condition Exploration Test - Timer and Round State Change Notifications","Property 1: Bug Condition - Clear State Change Notifications"],"fullName":"Bug Condition Exploration Test - Timer and Round State Change Notifications Property 1: Bug Condition - Clear State Change Notifications should verify notification infrastructure exists in the codebase","status":"passed","title":"should verify notification infrastructure exists in the codebase","duration":26.06609999999955,"failureMessages":[],"meta":{},"tags":[]},{"ancestorTitles":["Bug Condition Exploration Test - Timer and Round State Change Notifications","Property 1: Bug Condition - Clear State Change Notifications"],"fullName":"Bug Condition Exploration Test - Timer and Round State Change Notifications Property 1: Bug Condition - Clear State Change Notifications should confirm fix addresses all bug condition requirements","status":"passed","title":"should confirm fix addresses all bug condition requirements","duration":2.4639029999998456,"failureMessages":[],"meta":{},"tags":[]}],"startTime":1777000933249,"endTime":1777000933429.4639,"status":"passed","message":"","name":"/home/sapio/code/supreme/Supreme/src/components/courtroom/BugConditionExploration.test.jsx"},{"assertionResults":[{"ancestorTitles":["Bug Condition Exploration Test - Timer and Round State Change Notifications","Property 1: Bug Condition - Clear State Change Notifications"],"fullName":"Bug Condition Exploration Test - Timer and Round State Change Notifications Property 1: Bug Condition - Clear State Change Notifications should display prominent \"Time's Up!\" notification when timer expires","status":"failed","title":"should display prominent \"Time's Up!\" notification when timer expires","duration":187.69981300000018,"failureMessages":["Error: \u001b[2mexpect(\u001b[22m\u001b[31mreceived\u001b[39m\u001b[2m).toBeInTheDocument()\u001b[22m\n\n\u001b[31mreceived\u001b[39m value must be an HTMLElement or an SVGElement.\nReceived has type:  Null\nReceived has value: \u001b[31mnull\u001b[39m\n    at Proxy.__VITEST_EXTEND_ASSERTION__ (file:///home/sapio/code/supreme/Supreme/node_modules/@vitest/expect/dist/index.js:1872:36)\n    at Proxy.<anonymous> (file:///home/sapio/code/supreme/Supreme/node_modules/@vitest/expect/dist/index.js:1156:15)\n    at Proxy.methodWrapper (file:///home/sapio/code/supreme/Supreme/node_modules/chai/index.js:1700:25)\n    at /home/sapio/code/supreme/Supreme/src/components/courtroom/CourtroomArena.test.jsx:136:34\n    at file:///home/sapio/code/supreme/Supreme/node_modules/@vitest/runner/dist/chunk-artifact.js:302:11\n    at file:///home/sapio/code/supreme/Supreme/node_modules/@vitest/runner/dist/chunk-artifact.js:1903:26\n    at file:///home/sapio/code/supreme/Supreme/node_modules/@vitest/runner/dist/chunk-artifact.js:2326:20\n    at new Promise (<anonymous>)\n    at runWithCancel (file:///home/sapio/code/supreme/Supreme/node_modules/@vitest/runner/dist/chunk-artifact.js:2323:10)\n    at file:///home/sapio/code/supreme/Supreme/node_modules/@vitest/runner/dist/chunk-artifact.js:2305:20"],"meta":{},"tags":[]},{"ancestorTitles":["Bug Condition Exploration Test - Timer and Round State Change Notifications","Property 1: Bug Condition - Clear State Change Notifications"],"fullName":"Bug Condition Exploration Test - Timer and Round State Change Notifications Property 1: Bug Condition - Clear State Change Notifications should display clear \"Round Complete\" status notification when both parties speak","status":"failed","title":"should display clear \"Round Complete\" status notification when both parties speak","duration":31.739066999999977,"failureMessages":["Error: \u001b[2mexpect(\u001b[22m\u001b[31mreceived\u001b[39m\u001b[2m).toBeInTheDocument()\u001b[22m\n\n\u001b[31mreceived\u001b[39m value must be an HTMLElement or an SVGElement.\nReceived has type:  Null\nReceived has value: \u001b[31mnull\u001b[39m\n    at Proxy.__VITEST_EXTEND_ASSERTION__ (file:///home/sapio/code/supreme/Supreme/node_modules/@vitest/expect/dist/index.js:1872:36)\n    at Proxy.<anonymous> (file:///home/sapio/code/supreme/Supreme/node_modules/@vitest/expect/dist/index.js:1156:15)\n    at Proxy.methodWrapper (file:///home/sapio/code/supreme/Supreme/node_modules/chai/index.js:1700:25)\n    at /home/sapio/code/supreme/Supreme/src/components/courtroom/CourtroomArena.test.jsx:163:41\n    at file:///home/sapio/code/supreme/Supreme/node_modules/@vitest/runner/dist/chunk-artifact.js:302:11\n    at file:///home/sapio/code/supreme/Supreme/node_modules/@vitest/runner/dist/chunk-artifact.js:1903:26\n    at file:///home/sapio/code/supreme/Supreme/node_modules/@vitest/runner/dist/chunk-artifact.js:2326:20\n    at new Promise (<anonymous>)\n    at runWithCancel (file:///home/sapio/code/supreme/Supreme/node_modules/@vitest/runner/dist/chunk-artifact.js:2323:10)\n    at file:///home/sapio/code/supreme/Supreme/node_modules/@vitest/runner/dist/chunk-artifact.js:2305:20"],"meta":{},"tags":[]},{"ancestorTitles":["Bug Condition Exploration Test - Timer and Round State Change Notifications","Property 1: Bug Condition - Clear State Change Notifications"],"fullName":"Bug Condition Exploration Test - Timer and Round State Change Notifications Property 1: Bug Condition - Clear State Change Notifications should display clear muted mic indicator when AI is speaking in voice mode","status":"failed","title":"should display clear muted mic indicator when AI is speaking in voice mode","duration":50.54088200000024,"failureMessages":["Error: \u001b[2mexpect(\u001b[22m\u001b[31mreceived\u001b[39m\u001b[2m).toBeInTheDocument()\u001b[22m\n\n\u001b[31mreceived\u001b[39m value must be an HTMLElement or an SVGElement.\nReceived has type:  Null\nReceived has value: \u001b[31mnull\u001b[39m\n    at Proxy.__VITEST_EXTEND_ASSERTION__ (file:///home/sapio/code/supreme/Supreme/node_modules/@vitest/expect/dist/index.js:1872:36)\n    at Proxy.<anonymous> (file:///home/sapio/code/supreme/Supreme/node_modules/@vitest/expect/dist/index.js:1156:15)\n    at Proxy.methodWrapper (file:///home/sapio/code/supreme/Supreme/node_modules/chai/index.js:1700:25)\n    at /home/sapio/code/supreme/Supreme/src/components/courtroom/CourtroomArena.test.jsx:197:33\n    at file:///home/sapio/code/supreme/Supreme/node_modules/@vitest/runner/dist/chunk-artifact.js:302:11\n    at file:///home/sapio/code/supreme/Supreme/node_modules/@vitest/runner/dist/chunk-artifact.js:1903:26\n    at file:///home/sapio/code/supreme/Supreme/node_modules/@vitest/runner/dist/chunk-artifact.js:2326:20\n    at new Promise (<anonymous>)\n    at runWithCancel (file:///home/sapio/code/supreme/Supreme/node_modules/@vitest/runner/dist/chunk-artifact.js:2323:10)\n    at file:///home/sapio/code/supreme/Supreme/node_modules/@vitest/runner/dist/chunk-artifact.js:2305:20"],"meta":{},"tags":[]},{"ancestorTitles":["Bug Condition Exploration Test - Timer and Round State Change Notifications","Property 1: Bug Condition - Clear State Change Notifications"],"fullName":"Bug Condition Exploration Test - Timer and Round State Change Notifications Property 1: Bug Condition - Clear State Change Notifications should display prominent error notifications when voice errors occur","status":"failed","title":"should display prominent error notifications when voice errors occur","duration":39.47619699999996,"failureMessages":["Error: \u001b[2mexpect(\u001b[22m\u001b[31mreceived\u001b[39m\u001b[2m).toBeInTheDocument()\u001b[22m\n\n\u001b[31mreceived\u001b[39m value must be an HTMLElement or an SVGElement.\nReceived has type:  Null\nReceived has value: \u001b[31mnull\u001b[39m\n    at Proxy.__VITEST_EXTEND_ASSERTION__ (file:///home/sapio/code/supreme/Supreme/node_modules/@vitest/expect/dist/index.js:1872:36)\n    at Proxy.<anonymous> (file:///home/sapio/code/supreme/Supreme/node_modules/@vitest/expect/dist/index.js:1156:15)\n    at Proxy.methodWrapper (file:///home/sapio/code/supreme/Supreme/node_modules/chai/index.js:1700:25)\n    at /home/sapio/code/supreme/Supreme/src/components/courtroom/CourtroomArena.test.jsx:231:33\n    at file:///home/sapio/code/supreme/Supreme/node_modules/@vitest/runner/dist/chunk-artifact.js:302:11\n    at file:///home/sapio/code/supreme/Supreme/node_modules/@vitest/runner/dist/chunk-artifact.js:1903:26\n    at file:///home/sapio/code/supreme/Supreme/node_modules/@vitest/runner/dist/chunk-artifact.js:2326:20\n    at new Promise (<anonymous>)\n    at runWithCancel (file:///home/sapio/code/supreme/Supreme/node_modules/@vitest/runner/dist/chunk-artifact.js:2323:10)\n    at file:///home/sapio/code/supreme/Supreme/node_modules/@vitest/runner/dist/chunk-artifact.js:2305:20"],"meta":{},"tags":[]},{"ancestorTitles":["Bug Condition Exploration Test - Timer and Round State Change Notifications","Property 1: Bug Condition - Clear State Change Notifications"],"fullName":"Bug Condition Exploration Test - Timer and Round State Change Notifications Property 1: Bug Condition - Clear State Change Notifications should provide clear notifications for all state changes that affect user actions","status":"failed","title":"should provide clear notifications for all state changes that affect user actions","duration":19.137551999999687,"failureMessages":["Error: Property failed after 1 tests\n{ seed: -459103135, path: \"0\", endOnFailure: true }\nCounterexample: [{\"eventType\":\"timerExpire\",\"hasUserNotification\":false,\"requiresUserAction\":true,\"affectsUserInput\":true}]\nShrunk 0 time(s)\n\nHint: Enable verbose mode in order to have the list of all failing values encountered during the run\n    at buildError (file:///home/sapio/code/supreme/Supreme/node_modules/fast-check/lib/fast-check.js:2434:16)\n    at throwIfFailed (file:///home/sapio/code/supreme/Supreme/node_modules/fast-check/lib/fast-check.js:2441:8)\n    at reportRunDetails (file:///home/sapio/code/supreme/Supreme/node_modules/fast-check/lib/fast-check.js:2457:14)\n    at Proxy.assert (file:///home/sapio/code/supreme/Supreme/node_modules/fast-check/lib/fast-check.js:2514:7)\n    at /home/sapio/code/supreme/Supreme/src/components/courtroom/CourtroomArena.test.jsx:240:10\n    at file:///home/sapio/code/supreme/Supreme/node_modules/@vitest/runner/dist/chunk-artifact.js:302:11\n    at file:///home/sapio/code/supreme/Supreme/node_modules/@vitest/runner/dist/chunk-artifact.js:1903:26\n    at file:///home/sapio/code/supreme/Supreme/node_modules/@vitest/runner/dist/chunk-artifact.js:2326:20\n    at new Promise (<anonymous>)\n    at runWithCancel (file:///home/sapio/code/supreme/Supreme/node_modules/@vitest/runner/dist/chunk-artifact.js:2323:10)"],"meta":{},"tags":[]}],"startTime":1777000927041,"endTime":1777000927369.1375,"status":"failed","message":"","name":"/home/sapio/code/supreme/Supreme/src/components/courtroom/CourtroomArena.test.jsx"},{"assertionResults":[{"ancestorTitles":["CourtroomArena Notification Integration"],"fullName":"CourtroomArena Notification Integration notification system components render without errors","status":"passed","title":"notification system components render without errors","duration":48.017337000000225,"failureMessages":[],"meta":{},"tags":[]}],"startTime":1777000934381,"endTime":1777000934429.0173,"status":"passed","message":"","name":"/home/sapio/code/supreme/Supreme/src/components/courtroom/NotificationIntegration.test.jsx"},{"assertionResults":[{"ancestorTitles":["NotificationToast"],"fullName":"NotificationToast renders notification with correct message and type","status":"passed","title":"renders notification with correct message and type","duration":524.8672280000001,"failureMessages":[],"meta":{},"tags":[]},{"ancestorTitles":["NotificationToast"],"fullName":"NotificationToast calls onRemove when close button is clicked","status":"passed","title":"calls onRemove when close button is clicked","duration":359.7602139999999,"failureMessages":[],"meta":{},"tags":[]},{"ancestorTitles":["NotificationToast"],"fullName":"NotificationToast displays correct icon for different notification types","status":"passed","title":"displays correct icon for different notification types","duration":35.987567000000126,"failureMessages":[],"meta":{},"tags":[]}],"startTime":1777000931663,"endTime":1777000932582.9875,"status":"passed","message":"","name":"/home/sapio/code/supreme/Supreme/src/components/courtroom/NotificationSystem.test.jsx"},{"assertionResults":[{"ancestorTitles":["Preservation Property Tests - Existing Gameplay Functionality","Timer Countdown Preservation"],"fullName":"Preservation Property Tests - Existing Gameplay Functionality Timer Countdown Preservation should preserve timer countdown display during normal gameplay","status":"passed","title":"should preserve timer countdown display during normal gameplay","duration":110.58793199999991,"failureMessages":[],"meta":{},"tags":[]},{"ancestorTitles":["Preservation Property Tests - Existing Gameplay Functionality","Timer Countdown Preservation"],"fullName":"Preservation Property Tests - Existing Gameplay Functionality Timer Countdown Preservation should preserve timer display formatting across different values","status":"passed","title":"should preserve timer display formatting across different values","duration":298.85574899999983,"failureMessages":[],"meta":{},"tags":[]},{"ancestorTitles":["Preservation Property Tests - Existing Gameplay Functionality","Timer Countdown Preservation"],"fullName":"Preservation Property Tests - Existing Gameplay Functionality Timer Countdown Preservation should preserve timer progress bar functionality","status":"passed","title":"should preserve timer progress bar functionality","duration":12.743171000000075,"failureMessages":[],"meta":{},"tags":[]},{"ancestorTitles":["Preservation Property Tests - Existing Gameplay Functionality","Timer Countdown Preservation"],"fullName":"Preservation Property Tests - Existing Gameplay Functionality Timer Countdown Preservation should preserve timer countdown mechanism","status":"passed","title":"should preserve timer countdown mechanism","duration":32.99273399999993,"failureMessages":[],"meta":{},"tags":[]},{"ancestorTitles":["Preservation Property Tests - Existing Gameplay Functionality","Round Scoring Preservation"],"fullName":"Preservation Property Tests - Existing Gameplay Functionality Round Scoring Preservation should preserve round display and navigation","status":"passed","title":"should preserve round display and navigation","duration":15.710252999999739,"failureMessages":[],"meta":{},"tags":[]},{"ancestorTitles":["Preservation Property Tests - Existing Gameplay Functionality","Round Scoring Preservation"],"fullName":"Preservation Property Tests - Existing Gameplay Functionality Round Scoring Preservation should preserve case information display","status":"passed","title":"should preserve case information display","duration":7.604758999999831,"failureMessages":[],"meta":{},"tags":[]},{"ancestorTitles":["Preservation Property Tests - Existing Gameplay Functionality","Round Scoring Preservation"],"fullName":"Preservation Property Tests - Existing Gameplay Functionality Round Scoring Preservation should preserve round progression indicators","status":"passed","title":"should preserve round progression indicators","duration":99.97780599999987,"failureMessages":[],"meta":{},"tags":[]},{"ancestorTitles":["Preservation Property Tests - Existing Gameplay Functionality","Round Scoring Preservation"],"fullName":"Preservation Property Tests - Existing Gameplay Functionality Round Scoring Preservation should preserve end case button functionality","status":"passed","title":"should preserve end case button functionality","duration":339.22635200000013,"failureMessages":[],"meta":{},"tags":[]},{"ancestorTitles":["Preservation Property Tests - Existing Gameplay Functionality","Timer Label States Preservation"],"fullName":"Preservation Property Tests - Existing Gameplay Functionality Timer Label States Preservation should preserve different timer label states","status":"passed","title":"should preserve different timer label states","duration":82.23527300000023,"failureMessages":[],"meta":{},"tags":[]},{"ancestorTitles":["Preservation Property Tests - Existing Gameplay Functionality","Timer Label States Preservation"],"fullName":"Preservation Property Tests - Existing Gameplay Functionality Timer Label States Preservation should preserve timer urgency state when time is low","status":"passed","title":"should preserve timer urgency state when time is low","duration":9.428999000000204,"failureMessages":[],"meta":{},"tags":[]},{"ancestorTitles":["Preservation Property Tests - Existing Gameplay Functionality","Timer Label States Preservation"],"fullName":"Preservation Property Tests - Existing Gameplay Functionality Timer Label States Preservation should preserve timer stopped state","status":"passed","title":"should preserve timer stopped state","duration":10.807667999999921,"failureMessages":[],"meta":{},"tags":[]},{"ancestorTitles":["Preservation Property Tests - Existing Gameplay Functionality","Overall TopBar Functionality Preservation"],"fullName":"Preservation Property Tests - Existing Gameplay Functionality Overall TopBar Functionality Preservation should preserve all core TopBar elements and interactions","status":"passed","title":"should preserve all core TopBar elements and interactions","duration":52.99706900000001,"failureMessages":[],"meta":{},"tags":[]},{"ancestorTitles":["Preservation Property Tests - Existing Gameplay Functionality","Overall TopBar Functionality Preservation"],"fullName":"Preservation Property Tests - Existing Gameplay Functionality Overall TopBar Functionality Preservation should preserve component data flow and state management","status":"passed","title":"should preserve component data flow and state management","duration":245.9222279999999,"failureMessages":[],"meta":{},"tags":[]}],"startTime":1777000930408,"endTime":1777000931727.922,"status":"passed","message":"","name":"/home/sapio/code/supreme/Supreme/src/components/courtroom/PreservationProperty.test.jsx"},{"assertionResults":[{"ancestorTitles":["Round Completion Feedback - Task 3.3"],"fullName":"Round Completion Feedback - Task 3.3 should verify round completion notification logic","status":"passed","title":"should verify round completion notification logic","duration":3.497486000000208,"failureMessages":[],"meta":{},"tags":[]},{"ancestorTitles":["Round Completion Feedback - Task 3.3"],"fullName":"Round Completion Feedback - Task 3.3 should verify notification message content","status":"passed","title":"should verify notification message content","duration":1.3203819999998814,"failureMessages":[],"meta":{},"tags":[]},{"ancestorTitles":["Round Completion Feedback - Task 3.3"],"fullName":"Round Completion Feedback - Task 3.3 should verify button labeling logic","status":"passed","title":"should verify button labeling logic","duration":0.9544139999998151,"failureMessages":[],"meta":{},"tags":[]}],"startTime":1777000934717,"endTime":1777000934722.9543,"status":"passed","message":"","name":"/home/sapio/code/supreme/Supreme/src/components/courtroom/RoundCompletionFeedback.test.jsx"},{"assertionResults":[{"ancestorTitles":["Simple Preservation Property Tests","Timer Countdown Preservation"],"fullName":"Simple Preservation Property Tests Timer Countdown Preservation should preserve timer display formatting","status":"passed","title":"should preserve timer display formatting","duration":120.00527600000032,"failureMessages":[],"meta":{},"tags":[]},{"ancestorTitles":["Simple Preservation Property Tests","Timer Countdown Preservation"],"fullName":"Simple Preservation Property Tests Timer Countdown Preservation should preserve timer formatting across different values - property test","status":"passed","title":"should preserve timer formatting across different values - property test","duration":125.75762900000018,"failureMessages":[],"meta":{},"tags":[]},{"ancestorTitles":["Simple Preservation Property Tests","Round Display Preservation"],"fullName":"Simple Preservation Property Tests Round Display Preservation should preserve round information display","status":"passed","title":"should preserve round information display","duration":44.366005000000314,"failureMessages":[],"meta":{},"tags":[]},{"ancestorTitles":["Simple Preservation Property Tests","Round Display Preservation"],"fullName":"Simple Preservation Property Tests Round Display Preservation should preserve round progression indicators - property test","status":"passed","title":"should preserve round progression indicators - property test","duration":128.179889,"failureMessages":[],"meta":{},"tags":[]},{"ancestorTitles":["Simple Preservation Property Tests","Case Information Preservation"],"fullName":"Simple Preservation Property Tests Case Information Preservation should preserve case name and badge display","status":"passed","title":"should preserve case name and badge display","duration":9.04113899999993,"failureMessages":[],"meta":{},"tags":[]},{"ancestorTitles":["Simple Preservation Property Tests","Button Functionality Preservation"],"fullName":"Simple Preservation Property Tests Button Functionality Preservation should preserve end case button functionality","status":"passed","title":"should preserve end case button functionality","duration":266.67094499999985,"failureMessages":[],"meta":{},"tags":[]},{"ancestorTitles":["Simple Preservation Property Tests","Timer Progress Bar Preservation"],"fullName":"Simple Preservation Property Tests Timer Progress Bar Preservation should preserve timer progress bar functionality","status":"passed","title":"should preserve timer progress bar functionality","duration":7.992072999999891,"failureMessages":[],"meta":{},"tags":[]},{"ancestorTitles":["Simple Preservation Property Tests","Overall TopBar Functionality Preservation"],"fullName":"Simple Preservation Property Tests Overall TopBar Functionality Preservation should preserve all core TopBar elements","status":"passed","title":"should preserve all core TopBar elements","duration":36.93376599999965,"failureMessages":[],"meta":{},"tags":[]},{"ancestorTitles":["Simple Preservation Property Tests","Overall TopBar Functionality Preservation"],"fullName":"Simple Preservation Property Tests Overall TopBar Functionality Preservation should preserve component behavior across different prop combinations - property test","status":"passed","title":"should preserve component behavior across different prop combinations - property test","duration":190.31253199999992,"failureMessages":[],"meta":{},"tags":[]}],"startTime":1777000929407,"endTime":1777000930338.3125,"status":"passed","message":"","name":"/home/sapio/code/supreme/Supreme/src/components/courtroom/SimplePreservation.test.jsx"}]}